nohup: ignoring input

  .   ____          _            __ _ _
 /\\ / ___'_ __ _ _(_)_ __  __ _ \ \ \ \
( ( )\___ | '_ | '_| | '_ \/ _` | \ \ \ \
 \\/  ___)| |_)| | | | | || (_| |  ) ) ) )
  '  |____| .__|_| |_|_| |_\__, | / / / /
 =========|_|==============|___/=/_/_/_/
 :: Spring Boot ::        (v2.2.5.RELEASE)

2020-04-05 15:28:31.728  INFO 21043 --- [           main] c.e.s.s.d.p.ProcessorApplication         : Starting ProcessorApplication on HP-Z220 with PID 21043 (/home/peter/dev/spring-batch/rdbms-to-geode/processor/build/libs/processor-0.0.1-SNAPSHOT.jar started by peter in /home/peter/dev/spring-batch/rdbms-to-geode/processor)
2020-04-05 15:28:31.733  INFO 21043 --- [           main] c.e.s.s.d.p.ProcessorApplication         : No active profile set, falling back to default profiles: default
2020-04-05 15:28:32.763  INFO 21043 --- [           main] .s.d.r.c.RepositoryConfigurationDelegate : Bootstrapping Spring Data JDBC repositories in DEFAULT mode.
2020-04-05 15:28:32.775  INFO 21043 --- [           main] .s.d.r.c.RepositoryConfigurationDelegate : Finished Spring Data repository scanning in 6ms. Found 0 JDBC repository interfaces.
2020-04-05 15:28:33.102  INFO 21043 --- [           main] faultConfiguringBeanFactoryPostProcessor : No bean named 'errorChannel' has been explicitly defined. Therefore, a default PublishSubscribeChannel will be created.
2020-04-05 15:28:33.105  INFO 21043 --- [           main] faultConfiguringBeanFactoryPostProcessor : No bean named 'taskScheduler' has been explicitly defined. Therefore, a default ThreadPoolTaskScheduler will be created.
2020-04-05 15:28:33.108  INFO 21043 --- [           main] faultConfiguringBeanFactoryPostProcessor : No bean named 'integrationHeaderChannelRegistry' has been explicitly defined. Therefore, a default DefaultHeaderChannelRegistry will be created.
2020-04-05 15:28:33.297  INFO 21043 --- [           main] trationDelegate$BeanPostProcessorChecker : Bean 'org.springframework.integration.config.IntegrationManagementConfiguration' of type [org.springframework.integration.config.IntegrationManagementConfiguration] is not eligible for getting processed by all BeanPostProcessors (for example: not eligible for auto-proxying)
2020-04-05 15:28:33.308  INFO 21043 --- [           main] trationDelegate$BeanPostProcessorChecker : Bean 'integrationChannelResolver' of type [org.springframework.integration.support.channel.BeanFactoryChannelResolver] is not eligible for getting processed by all BeanPostProcessors (for example: not eligible for auto-proxying)
2020-04-05 15:28:33.311  INFO 21043 --- [           main] trationDelegate$BeanPostProcessorChecker : Bean 'integrationDisposableAutoCreatedBeans' of type [org.springframework.integration.config.annotation.Disposables] is not eligible for getting processed by all BeanPostProcessors (for example: not eligible for auto-proxying)
2020-04-05 15:28:33.776  INFO 21043 --- [           main] o.s.b.w.embedded.tomcat.TomcatWebServer  : Tomcat initialized with port(s): 8080 (http)
2020-04-05 15:28:33.789  INFO 21043 --- [           main] o.apache.catalina.core.StandardService   : Starting service [Tomcat]
2020-04-05 15:28:33.789  INFO 21043 --- [           main] org.apache.catalina.core.StandardEngine  : Starting Servlet engine: [Apache Tomcat/9.0.31]
2020-04-05 15:28:33.842  INFO 21043 --- [           main] o.a.c.c.C.[Tomcat].[localhost].[/]       : Initializing Spring embedded WebApplicationContext
2020-04-05 15:28:33.843  INFO 21043 --- [           main] o.s.web.context.ContextLoader            : Root WebApplicationContext: initialization completed in 2050 ms
2020-04-05 15:28:34.472  INFO 21043 --- [           main] o.s.s.c.ThreadPoolTaskScheduler          : Initializing ExecutorService 'taskScheduler'
2020-04-05 15:28:34.767  INFO 21043 --- [           main] o.s.s.concurrent.ThreadPoolTaskExecutor  : Initializing ExecutorService 'applicationTaskExecutor'
2020-04-05 15:28:35.009  INFO 21043 --- [           main] c.f.c.c.BeanFactoryAwareFunctionRegistry : Looking up function 'null' with acceptedOutputTypes: []
2020-04-05 15:28:35.019  INFO 21043 --- [           main] c.f.c.c.BeanFactoryAwareFunctionRegistry : Looking up function 'jdbcEvent' with acceptedOutputTypes: []
2020-04-05 15:28:35.051  INFO 21043 --- [           main] c.f.c.c.BeanFactoryAwareFunctionRegistry : Looking up function 'jdbcEvent' with acceptedOutputTypes: []
2020-04-05 15:28:35.052  INFO 21043 --- [           main] c.f.c.c.BeanFactoryAwareFunctionRegistry : Looking up function 'jdbcEvent' with acceptedOutputTypes: [application/json]
2020-04-05 15:28:35.081  INFO 21043 --- [           main] o.s.c.s.m.DirectWithAttributesChannel    : Channel 'application.jdbcEvent-in-0' has 1 subscriber(s).
2020-04-05 15:28:35.088  INFO 21043 --- [           main] c.f.c.c.BeanFactoryAwareFunctionRegistry : Looking up function 'jdbcEvent' with acceptedOutputTypes: []
2020-04-05 15:28:35.293  INFO 21043 --- [           main] o.s.b.a.e.web.EndpointLinksResolver      : Exposing 17 endpoint(s) beneath base path '/actuator'
2020-04-05 15:28:35.387  INFO 21043 --- [           main] o.s.i.endpoint.EventDrivenConsumer       : Adding {logging-channel-adapter:_org.springframework.integration.errorLogger} as a subscriber to the 'errorChannel' channel
2020-04-05 15:28:35.387  INFO 21043 --- [           main] o.s.i.channel.PublishSubscribeChannel    : Channel 'application.errorChannel' has 1 subscriber(s).
2020-04-05 15:28:35.387  INFO 21043 --- [           main] o.s.i.endpoint.EventDrivenConsumer       : started bean '_org.springframework.integration.errorLogger'
2020-04-05 15:28:35.747  INFO 21043 --- [           main] o.s.a.r.c.CachingConnectionFactory       : Attempting to connect to: [localhost:5672]
2020-04-05 15:28:35.831  INFO 21043 --- [           main] o.s.a.r.c.CachingConnectionFactory       : Created new connection: rabbitConnectionFactory#73eb439a:0/SimpleConnection@3668d4 [delegate=amqp://guest@127.0.0.1:5672/, localPort= 49072]
2020-04-05 15:28:35.865  INFO 21043 --- [           main] o.s.c.s.m.DirectWithAttributesChannel    : Channel 'application.jdbcEvent-out-0' has 1 subscriber(s).
2020-04-05 15:28:35.898  INFO 21043 --- [           main] c.s.b.r.p.RabbitExchangeQueueProvisioner : declaring queue for inbound: jdbc-event.jdbc-event-processor, bound to: jdbc-event
2020-04-05 15:28:35.922  INFO 21043 --- [           main] o.s.c.stream.binder.BinderErrorChannel   : Channel 'jdbc-event.jdbc-event-processor.errors' has 1 subscriber(s).
2020-04-05 15:28:35.922  INFO 21043 --- [           main] o.s.c.stream.binder.BinderErrorChannel   : Channel 'jdbc-event.jdbc-event-processor.errors' has 2 subscriber(s).
2020-04-05 15:28:35.943  INFO 21043 --- [           main] o.s.i.a.i.AmqpInboundChannelAdapter      : started bean 'inbound.jdbc-event.jdbc-event-processor'
2020-04-05 15:28:36.015  INFO 21043 --- [           main] o.s.b.w.embedded.tomcat.TomcatWebServer  : Tomcat started on port(s): 8080 (http) with context path ''
2020-04-05 15:28:36.016  INFO 21043 --- [           main] c.e.s.s.d.p.ProcessorApplication         : Started ProcessorApplication in 4.699 seconds (JVM running for 5.13)
2020-04-05 15:46:53.911  INFO 21043 --- [ent-processor-2] o.s.i.h.s.MessagingMethodInvokerHelper   : Overriding default instance of MessageHandlerMethodFactory with provided one.
2020-04-05 15:46:53.970  INFO 21043 --- [ent-processor-2] com.zaxxer.hikari.HikariDataSource       : HikariPool-1 - Starting...
2020-04-05 15:46:54.250  INFO 21043 --- [ent-processor-2] com.zaxxer.hikari.HikariDataSource       : HikariPool-1 - Start completed.
2020-04-05 15:46:54.312  INFO 21043 --- [ent-processor-2] o.s.a.r.c.CachingConnectionFactory       : Attempting to connect to: [localhost:5672]
2020-04-05 15:46:54.316  INFO 21043 --- [ent-processor-2] o.s.a.r.c.CachingConnectionFactory       : Created new connection: rabbitConnectionFactory.publisher#471c5354:0/SimpleConnection@3fde4c2f [delegate=amqp://guest@127.0.0.1:5672/, localPort= 49346]
2020-04-05 20:56:23.716 ERROR 21043 --- [ 127.0.0.1:5672] o.s.a.r.c.CachingConnectionFactory       : Channel shutdown: connection error; protocol method: #method<connection.close>(reply-code=320, reply-text=CONNECTION_FORCED - broker forced connection closure with reason 'shutdown', class-id=0, method-id=0)
2020-04-05 20:56:23.716 ERROR 21043 --- [ 127.0.0.1:5672] o.s.a.r.c.CachingConnectionFactory       : Channel shutdown: connection error; protocol method: #method<connection.close>(reply-code=320, reply-text=CONNECTION_FORCED - broker forced connection closure with reason 'shutdown', class-id=0, method-id=0)
2020-04-05 20:56:23.716 ERROR 21043 --- [ 127.0.0.1:5672] o.s.a.r.c.CachingConnectionFactory       : Channel shutdown: connection error; protocol method: #method<connection.close>(reply-code=320, reply-text=CONNECTION_FORCED - broker forced connection closure with reason 'shutdown', class-id=0, method-id=0)
2020-04-05 20:56:23.716 ERROR 21043 --- [ 127.0.0.1:5672] o.s.a.r.c.CachingConnectionFactory       : Channel shutdown: connection error; protocol method: #method<connection.close>(reply-code=320, reply-text=CONNECTION_FORCED - broker forced connection closure with reason 'shutdown', class-id=0, method-id=0)
2020-04-05 20:56:23.716 ERROR 21043 --- [ 127.0.0.1:5672] o.s.a.r.c.CachingConnectionFactory       : Channel shutdown: connection error; protocol method: #method<connection.close>(reply-code=320, reply-text=CONNECTION_FORCED - broker forced connection closure with reason 'shutdown', class-id=0, method-id=0)
2020-04-05 20:56:23.937  INFO 21043 --- [ent-processor-1] o.s.a.r.l.SimpleMessageListenerContainer : Restarting Consumer@6b98a075: tags=[[amq.ctag-6WsGgH0a8PGGqwvKsmAjTg]], channel=Cached Rabbit Channel: AMQChannel(amqp://guest@127.0.0.1:5672/,2), conn: Proxy@1c3b9394 Shared Rabbit Connection: SimpleConnection@3668d4 [delegate=amqp://guest@127.0.0.1:5672/, localPort= 49072], acknowledgeMode=AUTO local queue size=0
2020-04-05 20:56:23.937  INFO 21043 --- [ent-processor-2] o.s.a.r.l.SimpleMessageListenerContainer : Restarting Consumer@2e61d218: tags=[[amq.ctag-Mqc8BHgF-DylbhUVBiaydg]], channel=Cached Rabbit Channel: AMQChannel(amqp://guest@127.0.0.1:5672/,1), conn: Proxy@1c3b9394 Shared Rabbit Connection: SimpleConnection@3668d4 [delegate=amqp://guest@127.0.0.1:5672/, localPort= 49072], acknowledgeMode=AUTO local queue size=0
2020-04-05 20:56:23.940  INFO 21043 --- [ent-processor-3] o.s.a.r.c.CachingConnectionFactory       : Attempting to connect to: [localhost:5672]
2020-04-05 20:56:23.943  WARN 21043 --- [ 127.0.0.1:5672] c.r.c.impl.ForgivingExceptionHandler     : An unexpected connection driver error occured (Exception message: Connection reset)
2020-04-05 20:56:23.946  INFO 21043 --- [ent-processor-4] o.s.a.r.c.CachingConnectionFactory       : Attempting to connect to: [localhost:5672]
2020-04-05 20:56:23.947  WARN 21043 --- [ 127.0.0.1:5672] c.r.c.impl.ForgivingExceptionHandler     : An unexpected connection driver error occured (Exception message: Connection reset)
2020-04-05 20:56:28.948  INFO 21043 --- [ent-processor-3] o.s.a.r.l.SimpleMessageListenerContainer : Restarting Consumer@5b436b8b: tags=[[]], channel=null, acknowledgeMode=AUTO local queue size=0
2020-04-05 20:56:28.949  INFO 21043 --- [ent-processor-5] o.s.a.r.c.CachingConnectionFactory       : Attempting to connect to: [localhost:5672]
2020-04-05 20:56:28.950  INFO 21043 --- [ent-processor-4] o.s.a.r.l.SimpleMessageListenerContainer : Restarting Consumer@78d1f5a0: tags=[[]], channel=null, acknowledgeMode=AUTO local queue size=0
2020-04-05 20:56:28.951  INFO 21043 --- [ent-processor-6] o.s.a.r.c.CachingConnectionFactory       : Attempting to connect to: [localhost:5672]
2020-04-05 20:56:33.952  WARN 21043 --- [ent-processor-5] o.s.a.r.l.SimpleMessageListenerContainer : Consumer raised exception, processing can restart if the connection factory supports it. Exception summary: org.springframework.amqp.AmqpConnectException: java.net.ConnectException: Connection refused (Connection refused)
2020-04-05 20:56:33.953  INFO 21043 --- [ent-processor-5] o.s.a.r.l.SimpleMessageListenerContainer : Restarting Consumer@70cb283c: tags=[[]], channel=null, acknowledgeMode=AUTO local queue size=0
2020-04-05 20:56:33.953  WARN 21043 --- [ent-processor-6] o.s.a.r.l.SimpleMessageListenerContainer : Consumer raised exception, processing can restart if the connection factory supports it. Exception summary: org.springframework.amqp.AmqpConnectException: java.net.ConnectException: Connection refused (Connection refused)
2020-04-05 20:56:33.954  INFO 21043 --- [ent-processor-7] o.s.a.r.c.CachingConnectionFactory       : Attempting to connect to: [localhost:5672]
2020-04-05 20:56:33.954  INFO 21043 --- [ent-processor-6] o.s.a.r.l.SimpleMessageListenerContainer : Restarting Consumer@72c0eeb4: tags=[[]], channel=null, acknowledgeMode=AUTO local queue size=0
2020-04-05 20:56:33.955  INFO 21043 --- [ent-processor-8] o.s.a.r.c.CachingConnectionFactory       : Attempting to connect to: [localhost:5672]
2020-04-05 20:56:38.957  WARN 21043 --- [ent-processor-7] o.s.a.r.l.SimpleMessageListenerContainer : Consumer raised exception, processing can restart if the connection factory supports it. Exception summary: org.springframework.amqp.AmqpConnectException: java.net.ConnectException: Connection refused (Connection refused)
2020-04-05 20:56:38.957  INFO 21043 --- [ent-processor-7] o.s.a.r.l.SimpleMessageListenerContainer : Restarting Consumer@7c114b00: tags=[[]], channel=null, acknowledgeMode=AUTO local queue size=0
2020-04-05 20:56:38.958  WARN 21043 --- [ent-processor-8] o.s.a.r.l.SimpleMessageListenerContainer : Consumer raised exception, processing can restart if the connection factory supports it. Exception summary: org.springframework.amqp.AmqpConnectException: java.net.ConnectException: Connection refused (Connection refused)
2020-04-05 20:56:38.958  INFO 21043 --- [ent-processor-8] o.s.a.r.l.SimpleMessageListenerContainer : Restarting Consumer@77dadf4c: tags=[[]], channel=null, acknowledgeMode=AUTO local queue size=0
2020-04-05 20:56:38.958  INFO 21043 --- [ent-processor-9] o.s.a.r.c.CachingConnectionFactory       : Attempting to connect to: [localhost:5672]
2020-04-05 20:56:38.960  INFO 21043 --- [nt-processor-10] o.s.a.r.c.CachingConnectionFactory       : Attempting to connect to: [localhost:5672]
2020-04-05 20:56:43.962  WARN 21043 --- [ent-processor-9] o.s.a.r.l.SimpleMessageListenerContainer : Consumer raised exception, processing can restart if the connection factory supports it. Exception summary: org.springframework.amqp.AmqpConnectException: java.net.ConnectException: Connection refused (Connection refused)
2020-04-05 20:56:43.962  INFO 21043 --- [ent-processor-9] o.s.a.r.l.SimpleMessageListenerContainer : Restarting Consumer@15e1c18a: tags=[[]], channel=null, acknowledgeMode=AUTO local queue size=0
2020-04-05 20:56:43.962  WARN 21043 --- [nt-processor-10] o.s.a.r.l.SimpleMessageListenerContainer : Consumer raised exception, processing can restart if the connection factory supports it. Exception summary: org.springframework.amqp.AmqpConnectException: java.net.ConnectException: Connection refused (Connection refused)
2020-04-05 20:56:43.962  INFO 21043 --- [nt-processor-10] o.s.a.r.l.SimpleMessageListenerContainer : Restarting Consumer@14d2d58a: tags=[[]], channel=null, acknowledgeMode=AUTO local queue size=0
2020-04-05 20:56:43.963  INFO 21043 --- [nt-processor-11] o.s.a.r.c.CachingConnectionFactory       : Attempting to connect to: [localhost:5672]
2020-04-05 20:56:44.969  WARN 21043 --- [ 127.0.0.1:5672] c.r.c.impl.ForgivingExceptionHandler     : An unexpected connection driver error occured (Exception message: Connection reset)
2020-04-05 20:56:44.970  INFO 21043 --- [nt-processor-12] o.s.a.r.c.CachingConnectionFactory       : Attempting to connect to: [localhost:5672]
2020-04-05 20:56:44.973  WARN 21043 --- [ 127.0.0.1:5672] c.r.c.impl.ForgivingExceptionHandler     : An unexpected connection driver error occured (Exception message: Connection reset)
2020-04-05 20:56:49.972  INFO 21043 --- [nt-processor-11] o.s.a.r.l.SimpleMessageListenerContainer : Restarting Consumer@a16472c: tags=[[]], channel=null, acknowledgeMode=AUTO local queue size=0
2020-04-05 20:56:49.974  INFO 21043 --- [nt-processor-13] o.s.a.r.c.CachingConnectionFactory       : Attempting to connect to: [localhost:5672]
2020-04-05 20:56:49.975  WARN 21043 --- [ 127.0.0.1:5672] c.r.c.impl.ForgivingExceptionHandler     : An unexpected connection driver error occured (Exception message: Connection reset)
2020-04-05 20:56:49.975  INFO 21043 --- [nt-processor-12] o.s.a.r.l.SimpleMessageListenerContainer : Restarting Consumer@1e31b9fa: tags=[[]], channel=null, acknowledgeMode=AUTO local queue size=0
2020-04-05 20:56:49.976  INFO 21043 --- [nt-processor-14] o.s.a.r.c.CachingConnectionFactory       : Attempting to connect to: [localhost:5672]
2020-04-05 20:56:49.977  WARN 21043 --- [ 127.0.0.1:5672] c.r.c.impl.ForgivingExceptionHandler     : An unexpected connection driver error occured (Exception message: Connection reset)
2020-04-05 20:56:54.978  INFO 21043 --- [nt-processor-13] o.s.a.r.l.SimpleMessageListenerContainer : Restarting Consumer@4948be93: tags=[[]], channel=null, acknowledgeMode=AUTO local queue size=0
2020-04-05 20:56:54.979  INFO 21043 --- [nt-processor-15] o.s.a.r.c.CachingConnectionFactory       : Attempting to connect to: [localhost:5672]
2020-04-05 20:56:54.980  INFO 21043 --- [nt-processor-14] o.s.a.r.l.SimpleMessageListenerContainer : Restarting Consumer@4140ba59: tags=[[]], channel=null, acknowledgeMode=AUTO local queue size=0
2020-04-05 20:56:54.985  INFO 21043 --- [nt-processor-15] o.s.a.r.c.CachingConnectionFactory       : Created new connection: rabbitConnectionFactory#73eb439a:13/SimpleConnection@17b06948 [delegate=amqp://guest@127.0.0.1:5672/, localPort= 52888]
2020-04-05 20:57:58.679  INFO 21043 --- [extShutdownHook] o.s.a.r.l.SimpleMessageListenerContainer : Waiting for workers to finish.
2020-04-05 20:57:59.001  INFO 21043 --- [extShutdownHook] o.s.a.r.l.SimpleMessageListenerContainer : Successfully waited for workers to finish.
2020-04-05 20:57:59.001  INFO 21043 --- [extShutdownHook] o.s.i.a.i.AmqpInboundChannelAdapter      : stopped bean 'inbound.jdbc-event.jdbc-event-processor'
2020-04-05 20:57:59.006  INFO 21043 --- [extShutdownHook] o.s.c.stream.binder.BinderErrorChannel   : Channel 'application.jdbc-event.jdbc-event-processor.errors' has 1 subscriber(s).
2020-04-05 20:57:59.007  INFO 21043 --- [extShutdownHook] o.s.c.stream.binder.BinderErrorChannel   : Channel 'application.jdbc-event.jdbc-event-processor.errors' has 0 subscriber(s).
2020-04-05 20:57:59.012  INFO 21043 --- [extShutdownHook] o.s.i.endpoint.EventDrivenConsumer       : Removing {logging-channel-adapter:_org.springframework.integration.errorLogger} as a subscriber to the 'errorChannel' channel
2020-04-05 20:57:59.014  INFO 21043 --- [extShutdownHook] o.s.i.channel.PublishSubscribeChannel    : Channel 'application.errorChannel' has 0 subscriber(s).
2020-04-05 20:57:59.014  INFO 21043 --- [extShutdownHook] o.s.i.endpoint.EventDrivenConsumer       : stopped bean '_org.springframework.integration.errorLogger'
2020-04-05 20:57:59.017  INFO 21043 --- [extShutdownHook] o.s.s.concurrent.ThreadPoolTaskExecutor  : Shutting down ExecutorService 'applicationTaskExecutor'
2020-04-05 20:57:59.018  INFO 21043 --- [extShutdownHook] o.s.s.c.ThreadPoolTaskScheduler          : Shutting down ExecutorService 'taskScheduler'
2020-04-05 20:57:59.020  INFO 21043 --- [extShutdownHook] com.zaxxer.hikari.HikariDataSource       : HikariPool-1 - Shutdown initiated...
2020-04-05 20:57:59.024  INFO 21043 --- [extShutdownHook] com.zaxxer.hikari.HikariDataSource       : HikariPool-1 - Shutdown completed.
